0 info it worked if it ends with ok
1 verbose cli [ '/Users/francois/.nvm/versions/node/v5.0.0/bin/node',
1 verbose cli   '/Users/francois/.nvm/versions/node/v5.0.0/bin/npm',
1 verbose cli   'run',
1 verbose cli   'eslint' ]
2 info using npm@3.8.6
3 info using node@v5.0.0
4 verbose run-script [ 'preeslint', 'eslint', 'posteslint' ]
5 info lifecycle maeva@2.5.0~preeslint: maeva@2.5.0
6 silly lifecycle maeva@2.5.0~preeslint: no script for preeslint, continuing
7 info lifecycle maeva@2.5.0~eslint: maeva@2.5.0
8 verbose lifecycle maeva@2.5.0~eslint: unsafe-perm in lifecycle true
9 verbose lifecycle maeva@2.5.0~eslint: PATH: /Users/francois/.nvm/versions/node/v5.0.0/lib/node_modules/npm/bin/node-gyp-bin:/Users/francois/Dev/maeva/node_modules/.bin:/Users/francois/.nvm/versions/node/v5.0.0/bin:/Users/francois/.rvm/gems/ruby-2.3.1/bin:/Users/francois/.rvm/gems/ruby-2.3.1@global/bin:/Users/francois/.rvm/rubies/ruby-2.3.1/bin:/Users/francois/.nvm/versions/node/v5.0.0/bin:/usr/local/bin:/usr/bin:/bin:/usr/sbin:/sbin:/usr/local/MacGPG2/bin:/Users/francois/.rvm/bin:/Users/francois/.rvm/bin
10 verbose lifecycle maeva@2.5.0~eslint: CWD: /Users/francois/Dev/maeva
11 silly lifecycle maeva@2.5.0~eslint: Args: [ '-c', 'eslint app' ]
12 silly lifecycle maeva@2.5.0~eslint: Returned: code: 1  signal: null
13 info lifecycle maeva@2.5.0~eslint: Failed to exec eslint script
14 verbose stack Error: maeva@2.5.0 eslint: `eslint app`
14 verbose stack Exit status 1
14 verbose stack     at EventEmitter.<anonymous> (/Users/francois/.nvm/versions/node/v5.0.0/lib/node_modules/npm/lib/utils/lifecycle.js:239:16)
14 verbose stack     at emitTwo (events.js:87:13)
14 verbose stack     at EventEmitter.emit (events.js:172:7)
14 verbose stack     at ChildProcess.<anonymous> (/Users/francois/.nvm/versions/node/v5.0.0/lib/node_modules/npm/lib/utils/spawn.js:24:14)
14 verbose stack     at emitTwo (events.js:87:13)
14 verbose stack     at ChildProcess.emit (events.js:172:7)
14 verbose stack     at maybeClose (internal/child_process.js:818:16)
14 verbose stack     at Process.ChildProcess._handle.onexit (internal/child_process.js:211:5)
15 verbose pkgid maeva@2.5.0
16 verbose cwd /Users/francois/Dev/maeva
17 error Darwin 16.0.0
18 error argv "/Users/francois/.nvm/versions/node/v5.0.0/bin/node" "/Users/francois/.nvm/versions/node/v5.0.0/bin/npm" "run" "eslint"
19 error node v5.0.0
20 error npm  v3.8.6
21 error code ELIFECYCLE
22 error maeva@2.5.0 eslint: `eslint app`
22 error Exit status 1
23 error Failed at the maeva@2.5.0 eslint script 'eslint app'.
23 error Make sure you have the latest version of node.js and npm installed.
23 error If you do, this is most likely a problem with the maeva package,
23 error not with npm itself.
23 error Tell the author that this fails on your system:
23 error     eslint app
23 error You can get information on how to open an issue for this project with:
23 error     npm bugs maeva
23 error Or if that isn't available, you can get their info via:
23 error     npm owner ls maeva
23 error There is likely additional logging output above.
24 verbose exit [ 1, true ]
